Using pre-set license
Built from 'trunk' branch; Version is '2021.1.0a9 (18321e85013a) revision 1585694'; Using compiler version '192528614'; Build Type 'Release'
OS: 'Windows 10 Pro; OS build 19042.867; Version 2009; 64bit' Language: 'en' Physical Memory: 16334 MB
BatchMode: 1, IsHumanControllingUs: 0, StartBugReporterOnCrash: 0, Is64bit: 1, IsPro: 0

 COMMAND LINE ARGUMENTS:
C:\Program Files\Unity\Hub\Editor\2021.1.0a9\Editor\Unity.exe
-adb2
-batchMode
-noUpm
-name
AssetImportWorker1
-projectPath
C:/Code/projects/p+/p3d+
-logFile
Logs/AssetImportWorker1.log
-srvPort
50458
Successfully changed project path to: C:/Code/projects/p+/p3d+
C:/Code/projects/p+/p3d+
Using Asset Import Pipeline V2.
Refreshing native plugins compatible for Editor in 30.91 ms, found 3 plugins.
Preloading 0 native plugins for Editor in 0.00 ms.
Initialize engine version: 2021.1.0a9 (18321e85013a)
[Subsystems] Discovering subsystems at path C:/Program Files/Unity/Hub/Editor/2021.1.0a9/Editor/Data/Resources/UnitySubsystems
[Subsystems] Discovering subsystems at path C:/Code/projects/p+/p3d+/Assets
GfxDevice: creating device client; threaded=0; jobified=0
Direct3D:
    Version:  Direct3D 11.0 [level 11.1]
    Renderer: NVIDIA GeForce GTX 1070 Ti (ID=0x1b82)
    Vendor:   
    VRAM:     8079 MB
    Driver:   27.21.14.6192
Initialize mono
Mono path[0] = 'C:/Program Files/Unity/Hub/Editor/2021.1.0a9/Editor/Data/Managed'
Mono path[1] = 'C:/Program Files/Unity/Hub/Editor/2021.1.0a9/Editor/Data/MonoBleedingEdge/lib/mono/unityjit'
Mono config path = 'C:/Program Files/Unity/Hub/Editor/2021.1.0a9/Editor/Data/MonoBleedingEdge/etc'
Using monoOptions --debugger-agent=transport=dt_socket,embedding=1,server=y,suspend=n,address=127.0.0.1:56156
Begin MonoManager ReloadAssembly
Registering precompiled unity dll's ...
Register platform support module: C:/Program Files/Unity/Hub/Editor/2021.1.0a9/Editor/Data/PlaybackEngines/WindowsStandaloneSupport/UnityEditor.WindowsStandalone.Extensions.dll
Registered in 0.002467 seconds.
Native extension for WindowsStandalone target not found
Refreshing native plugins compatible for Editor in 27.99 ms, found 3 plugins.
Preloading 0 native plugins for Editor in 0.00 ms.
Mono: successfully reloaded assembly
- Completed reload, in  1.232 seconds
Platform modules already initialized, skipping
Registering precompiled user dll's ...
Registered in 0.001600 seconds.
Begin MonoManager ReloadAssembly
Native extension for WindowsStandalone target not found
Refreshing native plugins compatible for Editor in 0.31 ms, found 3 plugins.
Preloading 0 native plugins for Editor in 0.00 ms.
Mono: successfully reloaded assembly
- Completed reload, in  0.902 seconds
Platform modules already initialized, skipping
========================================================================
Worker process is ready to serve import requests
Launched and connected shader compiler UnityShaderCompiler.exe after 0.04 seconds
Refreshing native plugins compatible for Editor in 0.40 ms, found 3 plugins.
Preloading 0 native plugins for Editor in 0.00 ms.
Unloading 1266 Unused Serialized files (Serialized files now loaded: 0)
System memory in use before: 197.1 MB.
System memory in use after: 197.2 MB.

Unloading 17 unused Assets to reduce memory usage. Loaded Objects now: 1716.
Total: 1.891100 ms (FindLiveObjects: 0.139000 ms CreateObjectMapping: 0.031400 ms MarkObjects: 1.632900 ms  DeleteObjects: 0.087000 ms)

========================================================================
Received Import Request.
  path: Assets/GameOfLife/Hnet.com-image.png
  artifactKey: Guid(a152e222dcd8047499ba21cf30ea5903) Importer(815301076,1909f56bfc062723c751e8b465ee728b)
Start importing Assets/GameOfLife/Hnet.com-image.png using Guid(a152e222dcd8047499ba21cf30ea5903) Importer(815301076,1909f56bfc062723c751e8b465ee728b)  -> (artifact id: '04a5e376b0c5804f2b61f9a698774890') in 0.097785 seconds 
========================================================================
Received Prepare
Registering precompiled user dll's ...
Registered in 0.001654 seconds.
Begin MonoManager ReloadAssembly
Native extension for WindowsStandalone target not found
Refreshing native plugins compatible for Editor in 0.30 ms, found 3 plugins.
Preloading 0 native plugins for Editor in 0.00 ms.
Mono: successfully reloaded assembly
- Completed reload, in  0.859 seconds
Platform modules already initialized, skipping
Refreshing native plugins compatible for Editor in 0.29 ms, found 3 plugins.
Preloading 0 native plugins for Editor in 0.00 ms.
Unloading 1242 Unused Serialized files (Serialized files now loaded: 0)
System memory in use before: 196.4 MB.
System memory in use after: 196.5 MB.

Unloading 12 unused Assets to reduce memory usage. Loaded Objects now: 1735.
Total: 1.781100 ms (FindLiveObjects: 0.152500 ms CreateObjectMapping: 0.032200 ms MarkObjects: 1.543000 ms  DeleteObjects: 0.052200 ms)

========================================================================
Received Import Request.
  Time since last request: 93.910793 seconds.
  path: Assets/GameOfLife/Hnet.com-image (1).png
  artifactKey: Guid(fd483207e31e7ab44ab30791bc1943d5) Importer(815301076,1909f56bfc062723c751e8b465ee728b)
Start importing Assets/GameOfLife/Hnet.com-image (1).png using Guid(fd483207e31e7ab44ab30791bc1943d5) Importer(815301076,1909f56bfc062723c751e8b465ee728b)  -> (artifact id: '3c1a4fc079b4b692d1f7019bf6f3eb39') in 0.047714 seconds 
========================================================================
Received Import Request.
  Time since last request: 16.366184 seconds.
  path: Assets/GameOfLife/Hnet.com-image (1).png
  artifactKey: Guid(fd483207e31e7ab44ab30791bc1943d5) Importer(815301076,1909f56bfc062723c751e8b465ee728b)
Start importing Assets/GameOfLife/Hnet.com-image (1).png using Guid(fd483207e31e7ab44ab30791bc1943d5) Importer(815301076,1909f56bfc062723c751e8b465ee728b)  -> (artifact id: '84c8327296aea0bdaa03dcfb5ca34ceb') in 0.017429 seconds 
========================================================================
Received Import Request.
  Time since last request: 8.804551 seconds.
  path: Assets/GameOfLife/Hnet.com-image (1).png
  artifactKey: Guid(fd483207e31e7ab44ab30791bc1943d5) Importer(815301076,1909f56bfc062723c751e8b465ee728b)
Start importing Assets/GameOfLife/Hnet.com-image (1).png using Guid(fd483207e31e7ab44ab30791bc1943d5) Importer(815301076,1909f56bfc062723c751e8b465ee728b)  -> (artifact id: '2c03f8dee0ee5cfccfc64cd89649cf12') in 0.015398 seconds 
========================================================================
Received Prepare
Registering precompiled user dll's ...
Registered in 0.001626 seconds.
Begin MonoManager ReloadAssembly
Native extension for WindowsStandalone target not found
Refreshing native plugins compatible for Editor in 0.30 ms, found 3 plugins.
Preloading 0 native plugins for Editor in 0.00 ms.
Mono: successfully reloaded assembly
- Completed reload, in  0.855 seconds
Platform modules already initialized, skipping
Refreshing native plugins compatible for Editor in 0.39 ms, found 3 plugins.
Preloading 0 native plugins for Editor in 0.00 ms.
Unloading 1242 Unused Serialized files (Serialized files now loaded: 0)
System memory in use before: 198.1 MB.
System memory in use after: 198.2 MB.

Unloading 12 unused Assets to reduce memory usage. Loaded Objects now: 1781.
Total: 1.900800 ms (FindLiveObjects: 0.156700 ms CreateObjectMapping: 0.031200 ms MarkObjects: 1.657300 ms  DeleteObjects: 0.054900 ms)

========================================================================
Received Import Request.
  Time since last request: 97.747740 seconds.
  path: Assets/GameOfLife/Hnet.com-image (1) 1.png
  artifactKey: Guid(c2e93d69eecf557438c2a3772b7cd0aa) Importer(815301076,1909f56bfc062723c751e8b465ee728b)
Start importing Assets/GameOfLife/Hnet.com-image (1) 1.png using Guid(c2e93d69eecf557438c2a3772b7cd0aa) Importer(815301076,1909f56bfc062723c751e8b465ee728b)  -> (artifact id: '8cfe3f6da49d9baa584a0cfb29724e1e') in 0.048104 seconds 
========================================================================
Received Prepare
Registering precompiled user dll's ...
Registered in 0.001624 seconds.
Begin MonoManager ReloadAssembly
Native extension for WindowsStandalone target not found
Refreshing native plugins compatible for Editor in 0.29 ms, found 3 plugins.
Preloading 0 native plugins for Editor in 0.00 ms.
Mono: successfully reloaded assembly
- Completed reload, in  0.855 seconds
Platform modules already initialized, skipping
Refreshing native plugins compatible for Editor in 0.30 ms, found 3 plugins.
Preloading 0 native plugins for Editor in 0.00 ms.
Unloading 1242 Unused Serialized files (Serialized files now loaded: 0)
System memory in use before: 198.7 MB.
System memory in use after: 198.8 MB.

Unloading 12 unused Assets to reduce memory usage. Loaded Objects now: 1798.
Total: 1.804300 ms (FindLiveObjects: 0.155400 ms CreateObjectMapping: 0.032700 ms MarkObjects: 1.567600 ms  DeleteObjects: 0.047900 ms)

========================================================================
Received Import Request.
  Time since last request: 92.753892 seconds.
  path: Assets/GameOfLife/Hnet.com-image (2).png
  artifactKey: Guid(f8ae98f5bdad56c47929e15382634921) Importer(815301076,1909f56bfc062723c751e8b465ee728b)
Start importing Assets/GameOfLife/Hnet.com-image (2).png using Guid(f8ae98f5bdad56c47929e15382634921) Importer(815301076,1909f56bfc062723c751e8b465ee728b)  -> (artifact id: '1484cb05b5b83f0b1101e9469598de60') in 0.049159 seconds 
========================================================================
Received Prepare
Registering precompiled user dll's ...
Registered in 0.001603 seconds.
Begin MonoManager ReloadAssembly
Native extension for WindowsStandalone target not found
Refreshing native plugins compatible for Editor in 0.30 ms, found 3 plugins.
Preloading 0 native plugins for Editor in 0.00 ms.
Mono: successfully reloaded assembly
- Completed reload, in  0.853 seconds
Platform modules already initialized, skipping
Refreshing native plugins compatible for Editor in 0.31 ms, found 3 plugins.
Preloading 0 native plugins for Editor in 0.00 ms.
Unloading 1242 Unused Serialized files (Serialized files now loaded: 0)
System memory in use before: 199.8 MB.
System memory in use after: 199.9 MB.

Unloading 12 unused Assets to reduce memory usage. Loaded Objects now: 1815.
Total: 1.896300 ms (FindLiveObjects: 0.147500 ms CreateObjectMapping: 0.031000 ms MarkObjects: 1.648300 ms  DeleteObjects: 0.068500 ms)

========================================================================
Received Import Request.
  Time since last request: 35.754185 seconds.
  path: Assets/GameOfLife/Hnet.com-image (2).png
  artifactKey: Guid(f8ae98f5bdad56c47929e15382634921) Importer(815301076,1909f56bfc062723c751e8b465ee728b)
Start importing Assets/GameOfLife/Hnet.com-image (2).png using Guid(f8ae98f5bdad56c47929e15382634921) Importer(815301076,1909f56bfc062723c751e8b465ee728b)  -> (artifact id: '5a09fed6df763daa2ef9576e8b0dc0a6') in 0.042343 seconds 
========================================================================
Received Prepare
Registering precompiled user dll's ...
Registered in 0.001915 seconds.
Begin MonoManager ReloadAssembly
Native extension for WindowsStandalone target not found
Refreshing native plugins compatible for Editor in 0.32 ms, found 3 plugins.
Preloading 0 native plugins for Editor in 0.00 ms.
Mono: successfully reloaded assembly
- Completed reload, in  0.845 seconds
Platform modules already initialized, skipping
Refreshing native plugins compatible for Editor in 0.30 ms, found 3 plugins.
Preloading 0 native plugins for Editor in 0.00 ms.
Unloading 1241 Unused Serialized files (Serialized files now loaded: 0)
System memory in use before: 200.5 MB.
System memory in use after: 200.6 MB.

Unloading 12 unused Assets to reduce memory usage. Loaded Objects now: 1831.
Total: 1.923600 ms (FindLiveObjects: 0.140800 ms CreateObjectMapping: 0.031000 ms MarkObjects: 1.696300 ms  DeleteObjects: 0.054400 ms)

========================================================================
Received Prepare
Registering precompiled user dll's ...
Registered in 0.001672 seconds.
Begin MonoManager ReloadAssembly
Native extension for WindowsStandalone target not found
Refreshing native plugins compatible for Editor in 0.30 ms, found 3 plugins.
Preloading 0 native plugins for Editor in 0.00 ms.
Mono: successfully reloaded assembly
- Completed reload, in  0.850 seconds
Platform modules already initialized, skipping
Refreshing native plugins compatible for Editor in 0.34 ms, found 3 plugins.
Preloading 0 native plugins for Editor in 0.00 ms.
Unloading 1241 Unused Serialized files (Serialized files now loaded: 0)
System memory in use before: 200.6 MB.
System memory in use after: 200.7 MB.

Unloading 12 unused Assets to reduce memory usage. Loaded Objects now: 1833.
Total: 2.208000 ms (FindLiveObjects: 0.145800 ms CreateObjectMapping: 0.032000 ms MarkObjects: 1.968100 ms  DeleteObjects: 0.060900 ms)

========================================================================
Received Prepare
Registering precompiled user dll's ...
Registered in 0.001733 seconds.
Begin MonoManager ReloadAssembly
Native extension for WindowsStandalone target not found
Refreshing native plugins compatible for Editor in 0.30 ms, found 3 plugins.
Preloading 0 native plugins for Editor in 0.00 ms.
Mono: successfully reloaded assembly
- Completed reload, in  0.834 seconds
Platform modules already initialized, skipping
Refreshing native plugins compatible for Editor in 0.29 ms, found 3 plugins.
Preloading 0 native plugins for Editor in 0.00 ms.
Unloading 1241 Unused Serialized files (Serialized files now loaded: 0)
System memory in use before: 200.2 MB.
System memory in use after: 200.2 MB.

Unloading 12 unused Assets to reduce memory usage. Loaded Objects now: 1835.
Total: 2.187300 ms (FindLiveObjects: 0.138800 ms CreateObjectMapping: 0.033100 ms MarkObjects: 1.967800 ms  DeleteObjects: 0.046700 ms)

========================================================================
Received Prepare
Registering precompiled user dll's ...
Registered in 0.001707 seconds.
Begin MonoManager ReloadAssembly
Native extension for WindowsStandalone target not found
Refreshing native plugins compatible for Editor in 0.30 ms, found 3 plugins.
Preloading 0 native plugins for Editor in 0.00 ms.
Mono: successfully reloaded assembly
- Completed reload, in  0.835 seconds
Platform modules already initialized, skipping
Refreshing native plugins compatible for Editor in 0.31 ms, found 3 plugins.
Preloading 0 native plugins for Editor in 0.00 ms.
Unloading 1241 Unused Serialized files (Serialized files now loaded: 0)
System memory in use before: 200.5 MB.
System memory in use after: 200.6 MB.

Unloading 12 unused Assets to reduce memory usage. Loaded Objects now: 1837.
Total: 1.927000 ms (FindLiveObjects: 0.154100 ms CreateObjectMapping: 0.032400 ms MarkObjects: 1.693600 ms  DeleteObjects: 0.046100 ms)

========================================================================
Received Prepare
Registering precompiled user dll's ...
Registered in 0.001733 seconds.
Begin MonoManager ReloadAssembly
Native extension for WindowsStandalone target not found
Refreshing native plugins compatible for Editor in 0.37 ms, found 3 plugins.
Preloading 0 native plugins for Editor in 0.00 ms.
Mono: successfully reloaded assembly
- Completed reload, in  0.852 seconds
Platform modules already initialized, skipping
Refreshing native plugins compatible for Editor in 0.30 ms, found 3 plugins.
Preloading 0 native plugins for Editor in 0.00 ms.
Unloading 1241 Unused Serialized files (Serialized files now loaded: 0)
System memory in use before: 200.6 MB.
System memory in use after: 200.7 MB.

Unloading 12 unused Assets to reduce memory usage. Loaded Objects now: 1839.
Total: 2.059800 ms (FindLiveObjects: 0.214100 ms CreateObjectMapping: 0.044200 ms MarkObjects: 1.751400 ms  DeleteObjects: 0.048600 ms)

========================================================================
Received Prepare
Registering precompiled user dll's ...
Registered in 0.001734 seconds.
Begin MonoManager ReloadAssembly
Native extension for WindowsStandalone target not found
Refreshing native plugins compatible for Editor in 0.29 ms, found 3 plugins.
Preloading 0 native plugins for Editor in 0.00 ms.
Mono: successfully reloaded assembly
- Completed reload, in  0.853 seconds
Platform modules already initialized, skipping
Refreshing native plugins compatible for Editor in 0.32 ms, found 3 plugins.
Preloading 0 native plugins for Editor in 0.00 ms.
Unloading 1241 Unused Serialized files (Serialized files now loaded: 0)
System memory in use before: 200.1 MB.
System memory in use after: 200.2 MB.

Unloading 12 unused Assets to reduce memory usage. Loaded Objects now: 1841.
Total: 1.798600 ms (FindLiveObjects: 0.131300 ms CreateObjectMapping: 0.031900 ms MarkObjects: 1.585500 ms  DeleteObjects: 0.049300 ms)

========================================================================
Received Import Request.
  Time since last request: 561.920612 seconds.
  path: Assets/rendering/in.mat
  artifactKey: Guid(9d3c590d5d2e3b94194ac3c995a82109) Importer(815301076,1909f56bfc062723c751e8b465ee728b)
Start importing Assets/rendering/in.mat using Guid(9d3c590d5d2e3b94194ac3c995a82109) Importer(815301076,1909f56bfc062723c751e8b465ee728b)  -> (artifact id: '02a8da7febc30ebaaddb1a561bce52e6') in 0.100367 seconds 
========================================================================
Received Prepare
Registering precompiled user dll's ...
Registered in 0.001896 seconds.
Begin MonoManager ReloadAssembly
Native extension for WindowsStandalone target not found
Refreshing native plugins compatible for Editor in 0.30 ms, found 3 plugins.
Preloading 0 native plugins for Editor in 0.00 ms.
Mono: successfully reloaded assembly
- Completed reload, in  0.825 seconds
Platform modules already initialized, skipping
Refreshing native plugins compatible for Editor in 0.30 ms, found 3 plugins.
Preloading 0 native plugins for Editor in 0.00 ms.
Unloading 1241 Unused Serialized files (Serialized files now loaded: 0)
System memory in use before: 204.6 MB.
System memory in use after: 204.7 MB.

Unloading 12 unused Assets to reduce memory usage. Loaded Objects now: 1882.
Total: 1.967800 ms (FindLiveObjects: 0.198300 ms CreateObjectMapping: 0.032400 ms MarkObjects: 1.683200 ms  DeleteObjects: 0.052300 ms)

AssetImportWorkerClient::OnTransportError - code=2 error=End of file
