Using pre-set license
Built from 'trunk' branch; Version is '2021.1.0a9 (18321e85013a) revision 1585694'; Using compiler version '192528614'; Build Type 'Release'
OS: 'Windows 10 Pro; OS build 19042.867; Version 2009; 64bit' Language: 'en' Physical Memory: 16334 MB
BatchMode: 1, IsHumanControllingUs: 0, StartBugReporterOnCrash: 0, Is64bit: 1, IsPro: 0

 COMMAND LINE ARGUMENTS:
C:\Program Files\Unity\Hub\Editor\2021.1.0a9\Editor\Unity.exe
-adb2
-batchMode
-noUpm
-name
AssetImportWorker0
-projectPath
C:/Code/projects/p+/p3d+
-logFile
Logs/AssetImportWorker0.log
-srvPort
50130
Successfully changed project path to: C:/Code/projects/p+/p3d+
C:/Code/projects/p+/p3d+
Using Asset Import Pipeline V2.
Refreshing native plugins compatible for Editor in 30.59 ms, found 3 plugins.
Preloading 0 native plugins for Editor in 0.00 ms.
Initialize engine version: 2021.1.0a9 (18321e85013a)
[Subsystems] Discovering subsystems at path C:/Program Files/Unity/Hub/Editor/2021.1.0a9/Editor/Data/Resources/UnitySubsystems
[Subsystems] Discovering subsystems at path C:/Code/projects/p+/p3d+/Assets
GfxDevice: creating device client; threaded=0; jobified=0
Direct3D:
    Version:  Direct3D 11.0 [level 11.1]
    Renderer: NVIDIA GeForce GTX 1070 Ti (ID=0x1b82)
    Vendor:   
    VRAM:     8079 MB
    Driver:   27.21.14.6192
Initialize mono
Mono path[0] = 'C:/Program Files/Unity/Hub/Editor/2021.1.0a9/Editor/Data/Managed'
Mono path[1] = 'C:/Program Files/Unity/Hub/Editor/2021.1.0a9/Editor/Data/MonoBleedingEdge/lib/mono/unityjit'
Mono config path = 'C:/Program Files/Unity/Hub/Editor/2021.1.0a9/Editor/Data/MonoBleedingEdge/etc'
Using monoOptions --debugger-agent=transport=dt_socket,embedding=1,server=y,suspend=n,address=127.0.0.1:56772
Begin MonoManager ReloadAssembly
Registering precompiled unity dll's ...
Register platform support module: C:/Program Files/Unity/Hub/Editor/2021.1.0a9/Editor/Data/PlaybackEngines/WindowsStandaloneSupport/UnityEditor.WindowsStandalone.Extensions.dll
Registered in 0.002435 seconds.
Native extension for WindowsStandalone target not found
Refreshing native plugins compatible for Editor in 28.35 ms, found 3 plugins.
Preloading 0 native plugins for Editor in 0.00 ms.
Mono: successfully reloaded assembly
- Completed reload, in  1.766 seconds
Platform modules already initialized, skipping
Registering precompiled user dll's ...
Registered in 0.001604 seconds.
Begin MonoManager ReloadAssembly
Native extension for WindowsStandalone target not found
Refreshing native plugins compatible for Editor in 0.29 ms, found 3 plugins.
Preloading 0 native plugins for Editor in 0.00 ms.
Mono: successfully reloaded assembly
- Completed reload, in  0.896 seconds
Platform modules already initialized, skipping
========================================================================
Worker process is ready to serve import requests
Launched and connected shader compiler UnityShaderCompiler.exe after 0.04 seconds
Refreshing native plugins compatible for Editor in 0.31 ms, found 3 plugins.
Preloading 0 native plugins for Editor in 0.00 ms.
Unloading 1266 Unused Serialized files (Serialized files now loaded: 0)
System memory in use before: 197.2 MB.
System memory in use after: 197.3 MB.

Unloading 17 unused Assets to reduce memory usage. Loaded Objects now: 1716.
Total: 2.001700 ms (FindLiveObjects: 0.196700 ms CreateObjectMapping: 0.041900 ms MarkObjects: 1.661700 ms  DeleteObjects: 0.100500 ms)

========================================================================
Received Import Request.
  path: Assets/GameOfLife/ConwaysGameOfLifeSimulation.compute
  artifactKey: Guid(597a82a0343e9964ea008763d65cbc19) Importer(815301076,1909f56bfc062723c751e8b465ee728b)
Start importing Assets/GameOfLife/ConwaysGameOfLifeSimulation.compute using Guid(597a82a0343e9964ea008763d65cbc19) Importer(815301076,1909f56bfc062723c751e8b465ee728b)  -> (artifact id: '04c56b6048f7a4257d4b791d673c00ab') in 0.036119 seconds 
========================================================================
Received Import Request.
  Time since last request: 5.965126 seconds.
  path: Assets/rendering/in.mat
  artifactKey: Guid(9d3c590d5d2e3b94194ac3c995a82109) Importer(815301076,1909f56bfc062723c751e8b465ee728b)
Start importing Assets/rendering/in.mat using Guid(9d3c590d5d2e3b94194ac3c995a82109) Importer(815301076,1909f56bfc062723c751e8b465ee728b)  -> (artifact id: '881a431947f8da0a38b3df634c71c521') in 0.115075 seconds 
========================================================================
Received Prepare
Registering precompiled user dll's ...
Registered in 0.001710 seconds.
Begin MonoManager ReloadAssembly
Native extension for WindowsStandalone target not found
Refreshing native plugins compatible for Editor in 0.30 ms, found 3 plugins.
Preloading 0 native plugins for Editor in 0.00 ms.
Mono: successfully reloaded assembly
- Completed reload, in  0.848 seconds
Platform modules already initialized, skipping
Refreshing native plugins compatible for Editor in 0.32 ms, found 3 plugins.
Preloading 0 native plugins for Editor in 0.00 ms.
Unloading 1241 Unused Serialized files (Serialized files now loaded: 0)
System memory in use before: 200.2 MB.
System memory in use after: 200.3 MB.

Unloading 12 unused Assets to reduce memory usage. Loaded Objects now: 1758.
Total: 1.728100 ms (FindLiveObjects: 0.136300 ms CreateObjectMapping: 0.032800 ms MarkObjects: 1.502900 ms  DeleteObjects: 0.055200 ms)

========================================================================
Received Import Request.
  Time since last request: 187.567624 seconds.
  path: Assets/GameOfLife/ConwaysGameOfLifeSimulation.compute
  artifactKey: Guid(597a82a0343e9964ea008763d65cbc19) Importer(815301076,1909f56bfc062723c751e8b465ee728b)
Start importing Assets/GameOfLife/ConwaysGameOfLifeSimulation.compute using Guid(597a82a0343e9964ea008763d65cbc19) Importer(815301076,1909f56bfc062723c751e8b465ee728b)  -> (artifact id: '00000000000000000000000000000000') in 0.010690 seconds  code(4) message(Build asset version error: assets/gameoflife/conwaysgameoflifesimulation.compute in SourceAssetDB has modification time of '2021-03-26T16:09:12.6906117Z' while content on disk has modification time of '2021-03-26T16:09:15.1526004Z')
  ERROR: Build asset version error: assets/gameoflife/conwaysgameoflifesimulation.compute in SourceAssetDB has modification time of '2021-03-26T16:09:12.6906117Z' while content on disk has modification time of '2021-03-26T16:09:15.1526004Z'
========================================================================
Received Import Request.
  Time since last request: 39.463955 seconds.
  path: Assets/GameOfLife/ConwaysGameOfLifeSimulation.compute
  artifactKey: Guid(597a82a0343e9964ea008763d65cbc19) Importer(815301076,1909f56bfc062723c751e8b465ee728b)
Start importing Assets/GameOfLife/ConwaysGameOfLifeSimulation.compute using Guid(597a82a0343e9964ea008763d65cbc19) Importer(815301076,1909f56bfc062723c751e8b465ee728b)  -> (artifact id: '373c3ab1e7d77e219299f3d0d021c528') in 0.004201 seconds 
========================================================================
Received Prepare
Registering precompiled user dll's ...
Registered in 0.001712 seconds.
Begin MonoManager ReloadAssembly
Native extension for WindowsStandalone target not found
Refreshing native plugins compatible for Editor in 0.31 ms, found 3 plugins.
Preloading 0 native plugins for Editor in 0.00 ms.
Mono: successfully reloaded assembly
- Completed reload, in  0.837 seconds
Platform modules already initialized, skipping
Refreshing native plugins compatible for Editor in 0.30 ms, found 3 plugins.
Preloading 0 native plugins for Editor in 0.00 ms.
Unloading 1241 Unused Serialized files (Serialized files now loaded: 0)
System memory in use before: 200.4 MB.
System memory in use after: 200.5 MB.

Unloading 12 unused Assets to reduce memory usage. Loaded Objects now: 1760.
Total: 1.666900 ms (FindLiveObjects: 0.129500 ms CreateObjectMapping: 0.031100 ms MarkObjects: 1.456200 ms  DeleteObjects: 0.049300 ms)

========================================================================
Received Import Request.
  Time since last request: 32.221604 seconds.
  path: Assets/GameOfLife/ConwaysGameOfLifeSimulation.compute
  artifactKey: Guid(597a82a0343e9964ea008763d65cbc19) Importer(815301076,1909f56bfc062723c751e8b465ee728b)
Start importing Assets/GameOfLife/ConwaysGameOfLifeSimulation.compute using Guid(597a82a0343e9964ea008763d65cbc19) Importer(815301076,1909f56bfc062723c751e8b465ee728b)  -> (artifact id: '8857b163969508707a7ff294b0336dce') in 0.014099 seconds 
========================================================================
Received Prepare
Registering precompiled user dll's ...
Registered in 0.001739 seconds.
Begin MonoManager ReloadAssembly
Native extension for WindowsStandalone target not found
Refreshing native plugins compatible for Editor in 0.34 ms, found 3 plugins.
Preloading 0 native plugins for Editor in 0.00 ms.
Mono: successfully reloaded assembly
- Completed reload, in  0.842 seconds
Platform modules already initialized, skipping
Refreshing native plugins compatible for Editor in 0.30 ms, found 3 plugins.
Preloading 0 native plugins for Editor in 0.00 ms.
Unloading 1241 Unused Serialized files (Serialized files now loaded: 0)
System memory in use before: 201.0 MB.
System memory in use after: 201.1 MB.

Unloading 12 unused Assets to reduce memory usage. Loaded Objects now: 1762.
Total: 1.772200 ms (FindLiveObjects: 0.139900 ms CreateObjectMapping: 0.032900 ms MarkObjects: 1.550200 ms  DeleteObjects: 0.048300 ms)

========================================================================
Received Prepare
Registering precompiled user dll's ...
Registered in 0.001688 seconds.
Begin MonoManager ReloadAssembly
Native extension for WindowsStandalone target not found
Refreshing native plugins compatible for Editor in 0.31 ms, found 3 plugins.
Preloading 0 native plugins for Editor in 0.00 ms.
Mono: successfully reloaded assembly
- Completed reload, in  0.878 seconds
Platform modules already initialized, skipping
Refreshing native plugins compatible for Editor in 0.31 ms, found 3 plugins.
Preloading 0 native plugins for Editor in 0.00 ms.
Unloading 1241 Unused Serialized files (Serialized files now loaded: 0)
System memory in use before: 201.4 MB.
System memory in use after: 201.5 MB.

Unloading 12 unused Assets to reduce memory usage. Loaded Objects now: 1764.
Total: 1.907300 ms (FindLiveObjects: 0.148800 ms CreateObjectMapping: 0.033600 ms MarkObjects: 1.663400 ms  DeleteObjects: 0.060100 ms)

========================================================================
Received Import Request.
  Time since last request: 103.857835 seconds.
  path: Assets/GameOfLife/ConwaysGameOfLifeSimulation.compute
  artifactKey: Guid(597a82a0343e9964ea008763d65cbc19) Importer(815301076,1909f56bfc062723c751e8b465ee728b)
Start importing Assets/GameOfLife/ConwaysGameOfLifeSimulation.compute using Guid(597a82a0343e9964ea008763d65cbc19) Importer(815301076,1909f56bfc062723c751e8b465ee728b)  -> (artifact id: '3e2c03b3c1e258be6c23365557438cb7') in 0.013915 seconds 
========================================================================
Received Prepare
Registering precompiled user dll's ...
Registered in 0.001789 seconds.
Begin MonoManager ReloadAssembly
Native extension for WindowsStandalone target not found
Refreshing native plugins compatible for Editor in 0.67 ms, found 3 plugins.
Preloading 0 native plugins for Editor in 0.00 ms.
Mono: successfully reloaded assembly
- Completed reload, in  0.874 seconds
Platform modules already initialized, skipping
Refreshing native plugins compatible for Editor in 0.33 ms, found 3 plugins.
Preloading 0 native plugins for Editor in 0.00 ms.
Unloading 1241 Unused Serialized files (Serialized files now loaded: 0)
System memory in use before: 200.9 MB.
System memory in use after: 201.0 MB.

Unloading 12 unused Assets to reduce memory usage. Loaded Objects now: 1766.
Total: 1.772400 ms (FindLiveObjects: 0.146600 ms CreateObjectMapping: 0.032600 ms MarkObjects: 1.539900 ms  DeleteObjects: 0.052400 ms)

========================================================================
Received Import Request.
  Time since last request: 26.225798 seconds.
  path: Assets/GameOfLife/ConwaysGameOfLifeSimulation.compute
  artifactKey: Guid(597a82a0343e9964ea008763d65cbc19) Importer(815301076,1909f56bfc062723c751e8b465ee728b)
Start importing Assets/GameOfLife/ConwaysGameOfLifeSimulation.compute using Guid(597a82a0343e9964ea008763d65cbc19) Importer(815301076,1909f56bfc062723c751e8b465ee728b)  -> (artifact id: '41c830bc657239cfca9b9ed0358751d7') in 0.017320 seconds 
========================================================================
Received Prepare
Registering precompiled user dll's ...
Registered in 0.001728 seconds.
Begin MonoManager ReloadAssembly
Native extension for WindowsStandalone target not found
Refreshing native plugins compatible for Editor in 0.30 ms, found 3 plugins.
Preloading 0 native plugins for Editor in 0.00 ms.
Mono: successfully reloaded assembly
- Completed reload, in  0.842 seconds
Platform modules already initialized, skipping
Refreshing native plugins compatible for Editor in 0.30 ms, found 3 plugins.
Preloading 0 native plugins for Editor in 0.00 ms.
Unloading 1241 Unused Serialized files (Serialized files now loaded: 0)
System memory in use before: 201.3 MB.
System memory in use after: 201.4 MB.

Unloading 12 unused Assets to reduce memory usage. Loaded Objects now: 1768.
Total: 1.675200 ms (FindLiveObjects: 0.127700 ms CreateObjectMapping: 0.030700 ms MarkObjects: 1.465400 ms  DeleteObjects: 0.050400 ms)

========================================================================
Received Prepare
Registering precompiled user dll's ...
Registered in 0.001717 seconds.
Begin MonoManager ReloadAssembly
Native extension for WindowsStandalone target not found
Refreshing native plugins compatible for Editor in 0.30 ms, found 3 plugins.
Preloading 0 native plugins for Editor in 0.00 ms.
Mono: successfully reloaded assembly
- Completed reload, in  0.835 seconds
Platform modules already initialized, skipping
Refreshing native plugins compatible for Editor in 0.31 ms, found 3 plugins.
Preloading 0 native plugins for Editor in 0.00 ms.
Unloading 1241 Unused Serialized files (Serialized files now loaded: 0)
System memory in use before: 201.5 MB.
System memory in use after: 201.5 MB.

Unloading 12 unused Assets to reduce memory usage. Loaded Objects now: 1770.
Total: 1.902800 ms (FindLiveObjects: 0.139000 ms CreateObjectMapping: 0.032100 ms MarkObjects: 1.653000 ms  DeleteObjects: 0.077400 ms)

========================================================================
Received Prepare
Registering precompiled user dll's ...
Registered in 0.001809 seconds.
Begin MonoManager ReloadAssembly
Native extension for WindowsStandalone target not found
Refreshing native plugins compatible for Editor in 0.30 ms, found 3 plugins.
Preloading 0 native plugins for Editor in 0.00 ms.
Mono: successfully reloaded assembly
- Completed reload, in  0.851 seconds
Platform modules already initialized, skipping
Refreshing native plugins compatible for Editor in 0.29 ms, found 3 plugins.
Preloading 0 native plugins for Editor in 0.00 ms.
Unloading 1241 Unused Serialized files (Serialized files now loaded: 0)
System memory in use before: 201.1 MB.
System memory in use after: 201.2 MB.

Unloading 12 unused Assets to reduce memory usage. Loaded Objects now: 1772.
Total: 1.870700 ms (FindLiveObjects: 0.242000 ms CreateObjectMapping: 0.033000 ms MarkObjects: 1.542200 ms  DeleteObjects: 0.052700 ms)

AssetImportWorkerClient::OnTransportError - code=2 error=End of file
