Base path: 'C:/Program Files/Unity/Hub/Editor/2021.1.0a9/Editor/Data', plugins path 'C:/Program Files/Unity/Hub/Editor/2021.1.0a9/Editor/Data/PlaybackEngines'
Cmd: initializeCompiler
Cmd: compileComputeKernel
  error: 1 plat 4 at D3Cg.compute(249): signed/unsigned mismatch, unsigned assumed
  error: 1 plat 4 at D3Cg.compute(263): signed/unsigned mismatch, unsigned assumed
  api=4 insize=3704 outsize=7525 ok=1
Cmd: compileComputeKernel
  error: 1 plat 4 at D3Cg.compute(256): signed/unsigned mismatch, unsigned assumed
  error: 1 plat 4 at D3Cg.compute(270): signed/unsigned mismatch, unsigned assumed
  api=4 insize=3899 outsize=8297 ok=1
Cmd: compileComputeKernel
  error: 1 plat 4 at D3Cg.compute(261): signed/unsigned mismatch, unsigned assumed
  error: 1 plat 4 at D3Cg.compute(275): signed/unsigned mismatch, unsigned assumed
  api=4 insize=6717 outsize=15279 ok=1
Cmd: compileComputeKernel
  error: 1 plat 4 at D3Cg.compute(213): signed/unsigned mismatch, unsigned assumed
  error: 1 plat 4 at D3Cg.compute(227): signed/unsigned mismatch, unsigned assumed
  api=4 insize=4205 outsize=9187 ok=1
Cmd: compileComputeKernel
  error: 1 plat 4 at D3Cg.compute(212): signed/unsigned mismatch, unsigned assumed
  error: 1 plat 4 at D3Cg.compute(226): signed/unsigned mismatch, unsigned assumed
  api=4 insize=4205 outsize=9051 ok=1
Cmd: compileComputeKernel
  error: 1 plat 4 at D3Cg.compute(216): signed/unsigned mismatch, unsigned assumed
  error: 1 plat 4 at D3Cg.compute(230): signed/unsigned mismatch, unsigned assumed
  api=4 insize=4327 outsize=9199 ok=1
Cmd: compileComputeKernel
  error: 1 plat 4 at D3Cg.compute(217): signed/unsigned mismatch, unsigned assumed
  error: 1 plat 4 at D3Cg.compute(231): signed/unsigned mismatch, unsigned assumed
  api=4 insize=4288 outsize=9103 ok=1
Cmd: compileComputeKernel
  error: 1 plat 4 at D3Cg.compute(251): signed/unsigned mismatch, unsigned assumed
  error: 1 plat 4 at D3Cg.compute(265): signed/unsigned mismatch, unsigned assumed
  api=4 insize=6640 outsize=15131 ok=1
Cmd: compileComputeKernel
  error: 1 plat 4 at D3Cg.compute(38): 'rgbsum': implicit truncation of vector type
  error: 1 plat 4 at D3Cg.compute(236): signed/unsigned mismatch, unsigned assumed
  error: 1 plat 4 at D3Cg.compute(250): signed/unsigned mismatch, unsigned assumed
  api=4 insize=4761 outsize=10983 ok=1
Cmd: compileComputeKernel
  error: 1 plat 4 at D3Cg.compute(38): 'rgbsum': implicit truncation of vector type
  error: 1 plat 4 at D3Cg.compute(216): signed/unsigned mismatch, unsigned assumed
  error: 1 plat 4 at D3Cg.compute(230): signed/unsigned mismatch, unsigned assumed
  api=4 insize=4027 outsize=8299 ok=1
Cmd: compileComputeKernel
  error: 1 plat 4 at D3Cg.compute(38): 'rgbsum': implicit truncation of vector type
  error: 1 plat 4 at D3Cg.compute(221): signed/unsigned mismatch, unsigned assumed
  error: 1 plat 4 at D3Cg.compute(235): signed/unsigned mismatch, unsigned assumed
  api=4 insize=4129 outsize=8627 ok=1
Cmd: compileComputeKernel
  error: 1 plat 4 at D3Cg.compute(38): 'rgbsum': implicit truncation of vector type
  error: 1 plat 4 at D3Cg.compute(226): signed/unsigned mismatch, unsigned assumed
  error: 1 plat 4 at D3Cg.compute(240): signed/unsigned mismatch, unsigned assumed
  api=4 insize=4380 outsize=9799 ok=1
Cmd: compileComputeKernel
  error: 1 plat 4 at D3Cg.compute(38): 'rgbsum': implicit truncation of vector type
  error: 1 plat 4 at D3Cg.compute(225): signed/unsigned mismatch, unsigned assumed
  error: 1 plat 4 at D3Cg.compute(239): signed/unsigned mismatch, unsigned assumed
  api=4 insize=4188 outsize=8847 ok=1
Cmd: compileComputeKernel
  error: 1 plat 4 at D3Cg.compute(38): 'rgbsum': implicit truncation of vector type
  error: 1 plat 4 at D3Cg.compute(227): signed/unsigned mismatch, unsigned assumed
  error: 1 plat 4 at D3Cg.compute(241): signed/unsigned mismatch, unsigned assumed
  api=4 insize=4188 outsize=8847 ok=1
Cmd: compileComputeKernel
  error: 1 plat 4 at D3Cg.compute(38): 'rgbsum': implicit truncation of vector type
  error: 1 plat 4 at D3Cg.compute(229): signed/unsigned mismatch, unsigned assumed
  error: 1 plat 4 at D3Cg.compute(242): signed/unsigned mismatch, unsigned assumed
  api=4 insize=4240 outsize=8971 ok=1
Cmd: compileComputeKernel
  error: 1 plat 4 at D3Cg.compute(38): 'rgbsum': implicit truncation of vector type
  error: 1 plat 4 at D3Cg.compute(228): signed/unsigned mismatch, unsigned assumed
  api=4 insize=4034 outsize=8559 ok=1
Cmd: compileComputeKernel
  error: 1 plat 4 at D3Cg.compute(38): 'rgbsum': implicit truncation of vector type
  error: 1 plat 4 at D3Cg.compute(229): signed/unsigned mismatch, unsigned assumed
  api=4 insize=4024 outsize=8559 ok=1
Cmd: compileComputeKernel
  error: 1 plat 4 at D3Cg.compute(38): 'rgbsum': implicit truncation of vector type
  error: 1 plat 4 at D3Cg.compute(229): signed/unsigned mismatch, unsigned assumed
  api=4 insize=4025 outsize=8559 ok=1
Cmd: compileComputeKernel
  error: 1 plat 4 at D3Cg.compute(38): 'rgbsum': implicit truncation of vector type
  error: 1 plat 4 at D3Cg.compute(229): signed/unsigned mismatch, unsigned assumed
  api=4 insize=3999 outsize=8591 ok=1
Cmd: compileComputeKernel
  error: 1 plat 4 at D3Cg.compute(38): 'rgbsum': implicit truncation of vector type
  error: 1 plat 4 at D3Cg.compute(100): integer modulus may be much slower, try using uints if possible.
  error: 1 plat 4 at D3Cg.compute(101): integer divides may be much slower, try using uints if possible.
  error: 1 plat 4 at D3Cg.compute(102): integer divides may be much slower, try using uints if possible.
  api=4 insize=4091 outsize=8987 ok=1
Cmd: compileComputeKernel
  error: 1 plat 4 at D3Cg.compute(38): 'rgbsum': implicit truncation of vector type
  error: 1 plat 4 at D3Cg.compute(100): integer modulus may be much slower, try using uints if possible.
  error: 1 plat 4 at D3Cg.compute(101): integer divides may be much slower, try using uints if possible.
  error: 1 plat 4 at D3Cg.compute(102): integer divides may be much slower, try using uints if possible.
  api=4 insize=4091 outsize=8987 ok=1
Cmd: shutdown
