Base path: 'C:/Program Files/Unity/Hub/Editor/2021.1.0a9/Editor/Data', plugins path 'C:/Program Files/Unity/Hub/Editor/2021.1.0a9/Editor/Data/PlaybackEngines'
Cmd: initializeCompiler
Cmd: compileComputeKernel
  error: 1 plat 4 at D3Cg.compute(249): signed/unsigned mismatch, unsigned assumed
  error: 1 plat 4 at D3Cg.compute(263): signed/unsigned mismatch, unsigned assumed
  api=4 insize=3641 outsize=7525 ok=1
Cmd: compileComputeKernel
  error: 2 plat 4 at D3Cg.compute(241): syntax error: unexpected token ')'
  error: 2 plat 4 at D3Cg.compute(245): syntax error: unexpected token 'else'
  api=4 insize=3905 outsize=0 ok=0
Cmd: compileComputeKernel
  error: 1 plat 4 at D3Cg.compute(256): signed/unsigned mismatch, unsigned assumed
  error: 1 plat 4 at D3Cg.compute(270): signed/unsigned mismatch, unsigned assumed
  api=4 insize=3776 outsize=7761 ok=1
Cmd: compileComputeKernel
  error: 1 plat 4 at D3Cg.compute(217): signed/unsigned mismatch, unsigned assumed
  error: 1 plat 4 at D3Cg.compute(231): signed/unsigned mismatch, unsigned assumed
  api=4 insize=4290 outsize=9103 ok=1
Cmd: compileComputeKernel
  error: 1 plat 4 at D3Cg.compute(218): signed/unsigned mismatch, unsigned assumed
  error: 1 plat 4 at D3Cg.compute(232): signed/unsigned mismatch, unsigned assumed
  api=4 insize=4342 outsize=8959 ok=1
Cmd: compileComputeKernel
  error: 1 plat 4 at D3Cg.compute(38): 'rgbsum': implicit truncation of vector type
  error: 1 plat 4 at D3Cg.compute(215): signed/unsigned mismatch, unsigned assumed
  error: 1 plat 4 at D3Cg.compute(229): signed/unsigned mismatch, unsigned assumed
  api=4 insize=4036 outsize=8299 ok=1
Cmd: compileComputeKernel
  error: 1 plat 4 at D3Cg.compute(38): 'rgbsum': implicit truncation of vector type
  error: 1 plat 4 at D3Cg.compute(224): signed/unsigned mismatch, unsigned assumed
  error: 1 plat 4 at D3Cg.compute(238): signed/unsigned mismatch, unsigned assumed
  api=4 insize=4354 outsize=9767 ok=1
Cmd: compileComputeKernel
  error: 1 plat 4 at D3Cg.compute(38): 'rgbsum': implicit truncation of vector type
  error: 1 plat 4 at D3Cg.compute(235): signed/unsigned mismatch, unsigned assumed
  error: 1 plat 4 at D3Cg.compute(249): signed/unsigned mismatch, unsigned assumed
  api=4 insize=4641 outsize=8063 ok=1
Cmd: compileComputeKernel
  error: 1 plat 4 at D3Cg.compute(38): 'rgbsum': implicit truncation of vector type
  error: 1 plat 4 at D3Cg.compute(236): signed/unsigned mismatch, unsigned assumed
  error: 1 plat 4 at D3Cg.compute(250): signed/unsigned mismatch, unsigned assumed
  api=4 insize=4722 outsize=11227 ok=1
Cmd: compileComputeKernel
  error: 1 plat 4 at D3Cg.compute(38): 'rgbsum': implicit truncation of vector type
  error: 1 plat 4 at D3Cg.compute(233): signed/unsigned mismatch, unsigned assumed
  error: 1 plat 4 at D3Cg.compute(247): signed/unsigned mismatch, unsigned assumed
  api=4 insize=4592 outsize=10967 ok=1
Cmd: compileComputeKernel
  error: 1 plat 4 at D3Cg.compute(38): 'rgbsum': implicit truncation of vector type
  error: 1 plat 4 at D3Cg.compute(223): signed/unsigned mismatch, unsigned assumed
  error: 1 plat 4 at D3Cg.compute(237): signed/unsigned mismatch, unsigned assumed
  api=4 insize=4189 outsize=8731 ok=1
Cmd: compileComputeKernel
  error: 1 plat 4 at D3Cg.compute(38): 'rgbsum': implicit truncation of vector type
  error: 1 plat 4 at D3Cg.compute(224): signed/unsigned mismatch, unsigned assumed
  error: 1 plat 4 at D3Cg.compute(238): signed/unsigned mismatch, unsigned assumed
  api=4 insize=4176 outsize=8779 ok=1
Cmd: compileComputeKernel
  error: 1 plat 4 at D3Cg.compute(38): 'rgbsum': implicit truncation of vector type
  error: 1 plat 4 at D3Cg.compute(225): signed/unsigned mismatch, unsigned assumed
  error: 1 plat 4 at D3Cg.compute(239): signed/unsigned mismatch, unsigned assumed
  api=4 insize=4188 outsize=8847 ok=1
Cmd: compileComputeKernel
  error: 1 plat 4 at D3Cg.compute(38): 'rgbsum': implicit truncation of vector type
  error: 1 plat 4 at D3Cg.compute(228): signed/unsigned mismatch, unsigned assumed
  api=4 insize=4086 outsize=8879 ok=1
Cmd: compileComputeKernel
  error: 1 plat 4 at D3Cg.compute(38): 'rgbsum': implicit truncation of vector type
  error: 1 plat 4 at D3Cg.compute(229): signed/unsigned mismatch, unsigned assumed
  api=4 insize=3991 outsize=8547 ok=1
Cmd: shutdown
