Base path: 'C:/Program Files/Unity/Hub/Editor/2021.1.0a9/Editor/Data', plugins path 'C:/Program Files/Unity/Hub/Editor/2021.1.0a9/Editor/Data/PlaybackEngines'
Cmd: initializeCompiler
Cmd: compileComputeKernel
  error: 1 plat 4 at ConwaysGameOfLifeSimulation.compute(185): signed/unsigned mismatch, unsigned assumed
  api=4 insize=5506 outsize=2164 ok=1
Cmd: compileComputeKernel
  error: 1 plat 4 at ConwaysGameOfLifeSimulation.compute(191): signed/unsigned mismatch, unsigned assumed
  api=4 insize=5612 outsize=5315 ok=1
Cmd: compileComputeKernel
  error: 1 plat 4 at ConwaysGameOfLifeSimulation.compute(191): signed/unsigned mismatch, unsigned assumed
  error: 2 plat 4 at ConwaysGameOfLifeSimulation.compute(398): syntax error: unexpected end of file
  api=4 insize=5687 outsize=0 ok=0
Cmd: compileComputeKernel
  error: 1 plat 4 at ConwaysGameOfLifeSimulation.compute(191): signed/unsigned mismatch, unsigned assumed
  api=4 insize=5753 outsize=3299 ok=1
Cmd: compileComputeKernel
  error: 1 plat 4 at ConwaysGameOfLifeSimulation.compute(191): signed/unsigned mismatch, unsigned assumed
  error: 1 plat 4 at ConwaysGameOfLifeSimulation.compute(321): signed/unsigned mismatch, unsigned assumed
  api=4 insize=6163 outsize=4231 ok=1
Cmd: shutdown

Quitting shader compiler process
