Base path: 'C:/Program Files/Unity/Hub/Editor/2021.1.0a9/Editor/Data', plugins path 'C:/Program Files/Unity/Hub/Editor/2021.1.0a9/Editor/Data/PlaybackEngines'
Cmd: initializeCompiler
Cmd: compileComputeKernel
  error: 1 plat 4 at D3Cg.compute(258): signed/unsigned mismatch, unsigned assumed
  error: 1 plat 4 at D3Cg.compute(272): signed/unsigned mismatch, unsigned assumed
  api=4 insize=6779 outsize=8271 ok=1
Cmd: compileComputeKernel
  error: 1 plat 4 at D3Cg.compute(249): signed/unsigned mismatch, unsigned assumed
  error: 1 plat 4 at D3Cg.compute(263): signed/unsigned mismatch, unsigned assumed
  api=4 insize=3846 outsize=7973 ok=1
Cmd: compileComputeKernel
  error: 1 plat 4 at D3Cg.compute(216): signed/unsigned mismatch, unsigned assumed
  error: 1 plat 4 at D3Cg.compute(230): signed/unsigned mismatch, unsigned assumed
  api=4 insize=4322 outsize=9239 ok=1
Cmd: compileComputeKernel
  error: 1 plat 4 at D3Cg.compute(217): signed/unsigned mismatch, unsigned assumed
  error: 1 plat 4 at D3Cg.compute(231): signed/unsigned mismatch, unsigned assumed
  api=4 insize=4290 outsize=9103 ok=1
Cmd: compileComputeKernel
  error: 1 plat 4 at D3Cg.compute(217): signed/unsigned mismatch, unsigned assumed
  error: 1 plat 4 at D3Cg.compute(231): signed/unsigned mismatch, unsigned assumed
  api=4 insize=4530 outsize=9387 ok=1
Cmd: compileComputeKernel
  error: 1 plat 4 at D3Cg.compute(256): signed/unsigned mismatch, unsigned assumed
  error: 1 plat 4 at D3Cg.compute(270): signed/unsigned mismatch, unsigned assumed
  api=4 insize=6865 outsize=8519 ok=1
Cmd: compileComputeKernel
  error: 1 plat 4 at D3Cg.compute(38): 'rgbsum': implicit truncation of vector type
  error: 1 plat 4 at D3Cg.compute(215): signed/unsigned mismatch, unsigned assumed
  error: 1 plat 4 at D3Cg.compute(229): signed/unsigned mismatch, unsigned assumed
  api=4 insize=4086 outsize=8579 ok=1
Cmd: compileComputeKernel
  error: 1 plat 4 at D3Cg.compute(38): 'rgbsum': implicit truncation of vector type
  error: 1 plat 4 at D3Cg.compute(222): signed/unsigned mismatch, unsigned assumed
  error: 1 plat 4 at D3Cg.compute(236): signed/unsigned mismatch, unsigned assumed
  api=4 insize=4171 outsize=8903 ok=1
Cmd: compileComputeKernel
  error: 1 plat 4 at D3Cg.compute(38): 'rgbsum': implicit truncation of vector type
  error: 1 plat 4 at D3Cg.compute(224): signed/unsigned mismatch, unsigned assumed
  error: 1 plat 4 at D3Cg.compute(238): signed/unsigned mismatch, unsigned assumed
  api=4 insize=4220 outsize=8827 ok=1
Cmd: compileComputeKernel
  error: 1 plat 4 at D3Cg.compute(38): 'rgbsum': implicit truncation of vector type
  error: 1 plat 4 at D3Cg.compute(187): loop only executes for 1 iteration(s), forcing loop to unroll
  error: 1 plat 4 at D3Cg.compute(188): loop only executes for 1 iteration(s), forcing loop to unroll
  error: 1 plat 4 at D3Cg.compute(224): signed/unsigned mismatch, unsigned assumed
  error: 1 plat 4 at D3Cg.compute(238): signed/unsigned mismatch, unsigned assumed
  api=4 insize=4174 outsize=8579 ok=1
Cmd: compileComputeKernel
  error: 1 plat 4 at D3Cg.compute(38): 'rgbsum': implicit truncation of vector type
  error: 1 plat 4 at D3Cg.compute(225): signed/unsigned mismatch, unsigned assumed
  error: 1 plat 4 at D3Cg.compute(239): signed/unsigned mismatch, unsigned assumed
  api=4 insize=4177 outsize=8299 ok=1
Cmd: compileComputeKernel
  error: 1 plat 4 at D3Cg.compute(38): 'rgbsum': implicit truncation of vector type
  error: 1 plat 4 at D3Cg.compute(227): signed/unsigned mismatch, unsigned assumed
  error: 1 plat 4 at D3Cg.compute(241): signed/unsigned mismatch, unsigned assumed
  api=4 insize=4036 outsize=8299 ok=1
Cmd: compileComputeKernel
  error: 1 plat 4 at D3Cg.compute(38): 'rgbsum': implicit truncation of vector type
  api=4 insize=3752 outsize=7927 ok=1
Cmd: shutdown
