Base path: 'C:/Program Files/Unity/Hub/Editor/2021.1.0a9/Editor/Data', plugins path 'C:/Program Files/Unity/Hub/Editor/2021.1.0a9/Editor/Data/PlaybackEngines'
Cmd: initializeCompiler
Cmd: compileComputeKernel
  error: 1 plat 4 at D3Cg.compute(259): signed/unsigned mismatch, unsigned assumed
  error: 1 plat 4 at D3Cg.compute(273): signed/unsigned mismatch, unsigned assumed
  api=4 insize=4057 outsize=8811 ok=1
Cmd: compileComputeKernel
  error: 1 plat 4 at D3Cg.compute(257): signed/unsigned mismatch, unsigned assumed
  error: 1 plat 4 at D3Cg.compute(271): signed/unsigned mismatch, unsigned assumed
  api=4 insize=3917 outsize=8365 ok=1
Cmd: compileComputeKernel
  error: 1 plat 4 at D3Cg.compute(217): signed/unsigned mismatch, unsigned assumed
  error: 1 plat 4 at D3Cg.compute(231): signed/unsigned mismatch, unsigned assumed
  api=4 insize=4306 outsize=9171 ok=1
Cmd: compileComputeKernel
  error: 1 plat 4 at D3Cg.compute(218): signed/unsigned mismatch, unsigned assumed
  error: 1 plat 4 at D3Cg.compute(232): signed/unsigned mismatch, unsigned assumed
  api=4 insize=4342 outsize=8959 ok=1
Cmd: compileComputeKernel
  error: 1 plat 4 at D3Cg.compute(241): signed/unsigned mismatch, unsigned assumed
  error: 1 plat 4 at D3Cg.compute(255): signed/unsigned mismatch, unsigned assumed
  api=4 insize=5881 outsize=12539 ok=1
Cmd: compileComputeKernel
  error: 1 plat 4 at D3Cg.compute(210): signed/unsigned mismatch, unsigned assumed
  error: 1 plat 4 at D3Cg.compute(224): signed/unsigned mismatch, unsigned assumed
  api=4 insize=4063 outsize=8811 ok=1
Cmd: compileComputeKernel
  error: 1 plat 4 at D3Cg.compute(38): 'rgbsum': implicit truncation of vector type
  error: 1 plat 4 at D3Cg.compute(215): signed/unsigned mismatch, unsigned assumed
  error: 1 plat 4 at D3Cg.compute(229): signed/unsigned mismatch, unsigned assumed
  api=4 insize=4155 outsize=8299 ok=1
Cmd: compileComputeKernel
  error: 1 plat 4 at D3Cg.compute(38): 'rgbsum': implicit truncation of vector type
  error: 1 plat 4 at D3Cg.compute(218): signed/unsigned mismatch, unsigned assumed
  error: 1 plat 4 at D3Cg.compute(232): signed/unsigned mismatch, unsigned assumed
  api=4 insize=4354 outsize=9767 ok=1
Cmd: compileComputeKernel
  error: 1 plat 4 at D3Cg.compute(38): 'rgbsum': implicit truncation of vector type
  error: 1 plat 4 at D3Cg.compute(235): signed/unsigned mismatch, unsigned assumed
  error: 1 plat 4 at D3Cg.compute(249): signed/unsigned mismatch, unsigned assumed
  api=4 insize=4670 outsize=9767 ok=1
Cmd: compileComputeKernel
  error: 1 plat 4 at D3Cg.compute(38): 'rgbsum': implicit truncation of vector type
  error: 1 plat 4 at D3Cg.compute(187): loop only executes for 1 iteration(s), forcing loop to unroll
  error: 1 plat 4 at D3Cg.compute(188): loop only executes for 1 iteration(s), forcing loop to unroll
  error: 1 plat 4 at D3Cg.compute(224): signed/unsigned mismatch, unsigned assumed
  error: 1 plat 4 at D3Cg.compute(238): signed/unsigned mismatch, unsigned assumed
  api=4 insize=4220 outsize=8627 ok=1
Cmd: compileComputeKernel
  error: 1 plat 4 at D3Cg.compute(38): 'rgbsum': implicit truncation of vector type
  error: 1 plat 4 at D3Cg.compute(187): loop only executes for 1 iteration(s), forcing loop to unroll
  error: 1 plat 4 at D3Cg.compute(188): loop only executes for 1 iteration(s), forcing loop to unroll
  error: 1 plat 4 at D3Cg.compute(224): signed/unsigned mismatch, unsigned assumed
  error: 1 plat 4 at D3Cg.compute(238): signed/unsigned mismatch, unsigned assumed
  api=4 insize=4234 outsize=8579 ok=1
Cmd: compileComputeKernel
  error: 1 plat 4 at D3Cg.compute(38): 'rgbsum': implicit truncation of vector type
  error: 1 plat 4 at D3Cg.compute(187): loop only executes for 1 iteration(s), forcing loop to unroll
  error: 1 plat 4 at D3Cg.compute(188): loop only executes for 1 iteration(s), forcing loop to unroll
  error: 1 plat 4 at D3Cg.compute(224): signed/unsigned mismatch, unsigned assumed
  error: 1 plat 4 at D3Cg.compute(238): signed/unsigned mismatch, unsigned assumed
  api=4 insize=4172 outsize=8399 ok=1
Cmd: compileComputeKernel
  error: 1 plat 4 at D3Cg.compute(38): 'rgbsum': implicit truncation of vector type
  error: 1 plat 4 at D3Cg.compute(224): signed/unsigned mismatch, unsigned assumed
  error: 1 plat 4 at D3Cg.compute(238): signed/unsigned mismatch, unsigned assumed
  api=4 insize=4176 outsize=8779 ok=1
Cmd: compileComputeKernel
  error: 1 plat 4 at D3Cg.compute(38): 'rgbsum': implicit truncation of vector type
  error: 1 plat 4 at D3Cg.compute(227): signed/unsigned mismatch, unsigned assumed
  error: 1 plat 4 at D3Cg.compute(241): signed/unsigned mismatch, unsigned assumed
  api=4 insize=3965 outsize=8063 ok=1
Cmd: compileComputeKernel
  error: 1 plat 4 at D3Cg.compute(38): 'rgbsum': implicit truncation of vector type
  error: 1 plat 4 at D3Cg.compute(100): integer modulus may be much slower, try using uints if possible.
  error: 1 plat 4 at D3Cg.compute(101): integer divides may be much slower, try using uints if possible.
  error: 1 plat 4 at D3Cg.compute(102): integer divides may be much slower, try using uints if possible.
  api=4 insize=4141 outsize=9307 ok=1
Cmd: shutdown
